Success (14):
content 3057 _a-0000de6b-0250-8000-3120-01ef9001ef90_3057 "Sandbox"
content 3059 _a-0000de6b-0250-8000-3120-01ef9001ef90_3060 "Sandbox"
content 3060 _a-0000de6b-0250-8000-3120-01ef9001ef90_3061 "CMR_Incident_2519_v4"
content 3064 _a-0000de9a-b6d7-8000-3120-01ef9001ef90_3065 "Sandbox"
content 3100 _a-0000de9e-e0b7-8000-3120-01ef9001ef90_3104 "GetTelstraCandidateLocations - 1.1 - 2ARM-02"
content 3092 _a-0000de9e-e0b7-8000-3120-01ef9001ef90_3105 "SND_ElmsResponse"
content 3112 _a-0000dee0-d190-8000-3120-01ef9001ef90_3129 "GetTelstraCandidateLocations - 1.3 REMOVE - 2ABN-02 - MDU CA"
content 3113 _a-0000de9e-e0b7-8000-3120-01ef9001ef90_3106 "ELMS_FILE"
content 3116 _a-0000df6a-c01a-8000-3120-01ef9001ef90_3133 "ENVIRONMENTAL_CONSTANT"
processModelFolder 1 _g-0000de6b-0250-8000-30e8-014d98014d98_1 "Sandbox"
processModel 0 0002de6b-0311-8000-30e8-014d98014d98 "Sandbox Parse Csv"
processModel 2 0002de9a-a485-8000-30e8-014d98014d98 "Call Get Telstra Candidate Locations"
application 3056 _a-0000de6b-0250-8000-3120-01ef9001ef90_3056 "Sandbox"
webApi 4 45de6d55-dbd5-42c9-a235-dcadb96cabfd "ELMS Locations"

Referenced precedents that were not exported (1):
user mchirlin mchirlin

Trace:
2017-09-05 00:52:13.226 DEBUG application 3056 _a-0000de6b-0250-8000-3120-01ef9001ef90_3056 Begin transport.
2017-09-05 00:52:13.226 DEBUG application 3056 _a-0000de6b-0250-8000-3120-01ef9001ef90_3056 Retrieving object data.
2017-09-05 00:52:13.232 DEBUG application 3056 _a-0000de6b-0250-8000-3120-01ef9001ef90_3056 App associated objects: [content=[_a-0000de6b-0250-8000-3120-01ef9001ef90_3057, _a-0000de6b-0250-8000-3120-01ef9001ef90_3060, _a-0000de6b-0250-8000-3120-01ef9001ef90_3061, _a-0000de9a-b6d7-8000-3120-01ef9001ef90_3065, _a-0000de9a-b6d7-8000-3120-01ef9001ef90_3066, _a-0000de9e-e0b7-8000-3120-01ef9001ef90_3104, _a-0000de9e-e0b7-8000-3120-01ef9001ef90_3105, _a-0000de9e-e0b7-8000-3120-01ef9001ef90_3106, _a-0000dee0-d190-8000-3120-01ef9001ef90_3129, _a-0000df6a-c01a-8000-3120-01ef9001ef90_3133],processModelFolder=[_g-0000de6b-0250-8000-30e8-014d98014d98_1],processModel=[0002de6b-0311-8000-30e8-014d98014d98, 0002de9a-a485-8000-30e8-014d98014d98],webApi=[8232fccd-882a-4e4b-9748-a5de333e9d06, 45de6d55-dbd5-42c9-a235-dcadb96cabfd]]
2017-09-05 00:52:13.27 DEBUG application 3056 _a-0000de6b-0250-8000-3120-01ef9001ef90_3056 Invalid associated objects: [content=[_a-0000de9a-b6d7-8000-3120-01ef9001ef90_3066],webApi=[8232fccd-882a-4e4b-9748-a5de333e9d06]]
2017-09-05 00:52:13.27 DEBUG application 3056 _a-0000de6b-0250-8000-3120-01ef9001ef90_3056 Adding valid associated objects to be exported: GlobalBindingMap[content={_a-0000de6b-0250-8000-3120-01ef9001ef90_3057=3057, _a-0000de6b-0250-8000-3120-01ef9001ef90_3060=3059, _a-0000de6b-0250-8000-3120-01ef9001ef90_3061=3060, _a-0000de9a-b6d7-8000-3120-01ef9001ef90_3065=3064, _a-0000de9e-e0b7-8000-3120-01ef9001ef90_3104=3100, _a-0000de9e-e0b7-8000-3120-01ef9001ef90_3105=3092, _a-0000de9e-e0b7-8000-3120-01ef9001ef90_3106=3113, _a-0000dee0-d190-8000-3120-01ef9001ef90_3129=3112, _a-0000df6a-c01a-8000-3120-01ef9001ef90_3133=3116},processModelFolder={_g-0000de6b-0250-8000-30e8-014d98014d98_1=1},processModel={0002de6b-0311-8000-30e8-014d98014d98=0, 0002de9a-a485-8000-30e8-014d98014d98=2},webApi={45de6d55-dbd5-42c9-a235-dcadb96cabfd=4}]
2017-09-05 00:52:13.27 DEBUG application 3056 _a-0000de6b-0250-8000-3120-01ef9001ef90_3056 Setting uuids of object references.
2017-09-05 00:52:13.27 DEBUG application 3056 _a-0000de6b-0250-8000-3120-01ef9001ef90_3056 Processing reference: Application.forum
2017-09-05 00:52:13.271 DEBUG application 3056 _a-0000de6b-0250-8000-3120-01ef9001ef90_3056 Processing reference: Application.parent
2017-09-05 00:52:13.275 DEBUG application 3056 _a-0000de6b-0250-8000-3120-01ef9001ef90_3056 Processing reference: com.appiancorp.suiteapi.content.ContentRoleMap@cd5d8c7[
  ContentRole[name=readers,inherit=false,allowForAll=false]
  ContentRole[name=authors,inherit=false,allowForAll=false]
  ContentRole[name=administrators,usernames=[mchirlin],inherit=false,allowForAll=false]
  ContentRole[name=denyReaders,inherit=false,allowForAll=false]
  ContentRole[name=denyAuthors,inherit=false,allowForAll=false]
  ContentRole[name=denyAdministrators,inherit=false,allowForAll=false]
  securityVector=129:SEC_PUBLIC=true,SEC_CREATOR_ADMIN=true,SEC_INH_ADMIN=false,SEC_INH_EDITOR=false,SEC_INH_VIEWER=false,SEC_ALL_ADMIN=false,SEC_ALL_EDITOR=false,SEC_ALL_VIEWER=false
]
2017-09-05 00:52:13.275 DEBUG application 3056 _a-0000de6b-0250-8000-3120-01ef9001ef90_3056 Processing reference: ContentRole[name=readers,inherit=false,allowForAll=false]
2017-09-05 00:52:13.275 DEBUG application 3056 _a-0000de6b-0250-8000-3120-01ef9001ef90_3056 Processing reference: ContentRole[name=authors,inherit=false,allowForAll=false]
2017-09-05 00:52:13.275 DEBUG application 3056 _a-0000de6b-0250-8000-3120-01ef9001ef90_3056 Processing reference: ContentRole[name=administrators,usernames=[mchirlin],inherit=false,allowForAll=false]
2017-09-05 00:52:13.276 DEBUG application 3056 _a-0000de6b-0250-8000-3120-01ef9001ef90_3056 Processing reference: ContentRole[name=denyReaders,inherit=false,allowForAll=false]
2017-09-05 00:52:13.276 DEBUG application 3056 _a-0000de6b-0250-8000-3120-01ef9001ef90_3056 Processing reference: ContentRole[name=denyAuthors,inherit=false,allowForAll=false]
2017-09-05 00:52:13.276 DEBUG application 3056 _a-0000de6b-0250-8000-3120-01ef9001ef90_3056 Processing reference: ContentRole[name=denyAdministrators,inherit=false,allowForAll=false]
2017-09-05 00:52:13.279 DEBUG content 3057 _a-0000de6b-0250-8000-3120-01ef9001ef90_3057 Begin transport.
2017-09-05 00:52:13.279 DEBUG content 3057 _a-0000de6b-0250-8000-3120-01ef9001ef90_3057 Retrieving object data.
2017-09-05 00:52:13.291 DEBUG content 3057 _a-0000de6b-0250-8000-3120-01ef9001ef90_3057 Setting uuids of object references.
2017-09-05 00:52:13.291 DEBUG content 3057 _a-0000de6b-0250-8000-3120-01ef9001ef90_3057 Processing reference: CommunityKnowledgeCenter.forum
2017-09-05 00:52:13.292 DEBUG content 3057 _a-0000de6b-0250-8000-3120-01ef9001ef90_3057 Processing reference: CommunityKnowledgeCenter.parent
2017-09-05 00:52:13.302 DEBUG content 3057 _a-0000de6b-0250-8000-3120-01ef9001ef90_3057 Processing reference: com.appiancorp.suiteapi.content.ContentRoleMap@2bb6529f[
  ContentRole[name=readers,inherit=false,allowForAll=false]
  ContentRole[name=authors,inherit=false,allowForAll=false]
  ContentRole[name=administrators,inherit=true,allowForAll=false]
  ContentRole[name=denyReaders,inherit=false,allowForAll=false]
  ContentRole[name=denyAuthors,inherit=false,allowForAll=false]
  ContentRole[name=denyAdministrators,inherit=false,allowForAll=false]
  securityVector=9:SEC_PUBLIC=true,SEC_CREATOR_ADMIN=false,SEC_INH_ADMIN=true,SEC_INH_EDITOR=false,SEC_INH_VIEWER=false,SEC_ALL_ADMIN=false,SEC_ALL_EDITOR=false,SEC_ALL_VIEWER=false
]
2017-09-05 00:52:13.302 DEBUG content 3057 _a-0000de6b-0250-8000-3120-01ef9001ef90_3057 Processing reference: ContentRole[name=readers,inherit=false,allowForAll=false]
2017-09-05 00:52:13.302 DEBUG content 3057 _a-0000de6b-0250-8000-3120-01ef9001ef90_3057 Processing reference: ContentRole[name=authors,inherit=false,allowForAll=false]
2017-09-05 00:52:13.302 DEBUG content 3057 _a-0000de6b-0250-8000-3120-01ef9001ef90_3057 Processing reference: ContentRole[name=administrators,inherit=true,allowForAll=false]
2017-09-05 00:52:13.302 DEBUG content 3057 _a-0000de6b-0250-8000-3120-01ef9001ef90_3057 Processing reference: ContentRole[name=denyReaders,inherit=false,allowForAll=false]
2017-09-05 00:52:13.302 DEBUG content 3057 _a-0000de6b-0250-8000-3120-01ef9001ef90_3057 Processing reference: ContentRole[name=denyAuthors,inherit=false,allowForAll=false]
2017-09-05 00:52:13.302 DEBUG content 3057 _a-0000de6b-0250-8000-3120-01ef9001ef90_3057 Processing reference: ContentRole[name=denyAdministrators,inherit=false,allowForAll=false]
2017-09-05 00:52:13.302 DEBUG content 3057 _a-0000de6b-0250-8000-3120-01ef9001ef90_3057 Completing produce.
2017-09-05 00:52:13.302 DEBUG content 3057 _a-0000de6b-0250-8000-3120-01ef9001ef90_3057 Exporting binary resources.
2017-09-05 00:52:13.302 DEBUG content 3057 _a-0000de6b-0250-8000-3120-01ef9001ef90_3057 Serializing object to XML.
2017-09-05 00:52:13.303 DEBUG content 3057 _a-0000de6b-0250-8000-3120-01ef9001ef90_3057 Object transported.
2017-09-05 00:52:13.303 DEBUG content 3059 _a-0000de6b-0250-8000-3120-01ef9001ef90_3060 Begin transport.
2017-09-05 00:52:13.303 DEBUG content 3059 _a-0000de6b-0250-8000-3120-01ef9001ef90_3060 Retrieving object data.
2017-09-05 00:52:13.315 DEBUG content 3059 _a-0000de6b-0250-8000-3120-01ef9001ef90_3060 Setting uuids of object references.
2017-09-05 00:52:13.316 DEBUG content 3059 _a-0000de6b-0250-8000-3120-01ef9001ef90_3060 Processing reference: KnowledgeFolder.forum
2017-09-05 00:52:13.316 DEBUG content 3059 _a-0000de6b-0250-8000-3120-01ef9001ef90_3060 Processing reference: KnowledgeFolder.parent
2017-09-05 00:52:13.319 DEBUG content 3059 _a-0000de6b-0250-8000-3120-01ef9001ef90_3060 Processing reference: com.appiancorp.suiteapi.content.ContentRoleMap@1c8119d3[
  ContentRole[name=readers,inherit=true,allowForAll=false]
  ContentRole[name=authors,inherit=true,allowForAll=false]
  ContentRole[name=administrators,inherit=true,allowForAll=false]
  ContentRole[name=denyReaders,inherit=false,allowForAll=false]
  ContentRole[name=denyAuthors,inherit=false,allowForAll=false]
  ContentRole[name=denyAdministrators,inherit=false,allowForAll=false]
  securityVector=15:SEC_PUBLIC=true,SEC_CREATOR_ADMIN=false,SEC_INH_ADMIN=true,SEC_INH_EDITOR=true,SEC_INH_VIEWER=true,SEC_ALL_ADMIN=false,SEC_ALL_EDITOR=false,SEC_ALL_VIEWER=false
]
2017-09-05 00:52:13.319 DEBUG content 3059 _a-0000de6b-0250-8000-3120-01ef9001ef90_3060 Processing reference: ContentRole[name=readers,inherit=true,allowForAll=false]
2017-09-05 00:52:13.319 DEBUG content 3059 _a-0000de6b-0250-8000-3120-01ef9001ef90_3060 Processing reference: ContentRole[name=authors,inherit=true,allowForAll=false]
2017-09-05 00:52:13.319 DEBUG content 3059 _a-0000de6b-0250-8000-3120-01ef9001ef90_3060 Processing reference: ContentRole[name=administrators,inherit=true,allowForAll=false]
2017-09-05 00:52:13.319 DEBUG content 3059 _a-0000de6b-0250-8000-3120-01ef9001ef90_3060 Processing reference: ContentRole[name=denyReaders,inherit=false,allowForAll=false]
2017-09-05 00:52:13.319 DEBUG content 3059 _a-0000de6b-0250-8000-3120-01ef9001ef90_3060 Processing reference: ContentRole[name=denyAuthors,inherit=false,allowForAll=false]
2017-09-05 00:52:13.319 DEBUG content 3059 _a-0000de6b-0250-8000-3120-01ef9001ef90_3060 Processing reference: ContentRole[name=denyAdministrators,inherit=false,allowForAll=false]
2017-09-05 00:52:13.32 DEBUG content 3059 _a-0000de6b-0250-8000-3120-01ef9001ef90_3060 Completing produce.
2017-09-05 00:52:13.32 DEBUG content 3059 _a-0000de6b-0250-8000-3120-01ef9001ef90_3060 Exporting binary resources.
2017-09-05 00:52:13.32 DEBUG content 3059 _a-0000de6b-0250-8000-3120-01ef9001ef90_3060 Serializing object to XML.
2017-09-05 00:52:13.321 DEBUG content 3059 _a-0000de6b-0250-8000-3120-01ef9001ef90_3060 Object transported.
2017-09-05 00:52:13.321 DEBUG content 3060 _a-0000de6b-0250-8000-3120-01ef9001ef90_3061 Begin transport.
2017-09-05 00:52:13.321 DEBUG content 3060 _a-0000de6b-0250-8000-3120-01ef9001ef90_3061 Retrieving object data.
2017-09-05 00:52:13.328 DEBUG content 3060 _a-0000de6b-0250-8000-3120-01ef9001ef90_3061 Setting uuids of object references.
2017-09-05 00:52:13.328 DEBUG content 3060 _a-0000de6b-0250-8000-3120-01ef9001ef90_3061 Processing reference: Document.forum
2017-09-05 00:52:13.328 DEBUG content 3060 _a-0000de6b-0250-8000-3120-01ef9001ef90_3061 Processing reference: Document.parent
2017-09-05 00:52:13.332 DEBUG content 3060 _a-0000de6b-0250-8000-3120-01ef9001ef90_3061 Processing reference: com.appiancorp.suiteapi.content.ContentRoleMap@9d507dd[
  ContentRole[name=readers,inherit=true,allowForAll=false]
  ContentRole[name=authors,inherit=true,allowForAll=false]
  ContentRole[name=administrators,inherit=true,allowForAll=false]
  ContentRole[name=denyReaders,inherit=false,allowForAll=false]
  ContentRole[name=denyAuthors,inherit=false,allowForAll=false]
  ContentRole[name=denyAdministrators,inherit=false,allowForAll=false]
  securityVector=15:SEC_PUBLIC=true,SEC_CREATOR_ADMIN=false,SEC_INH_ADMIN=true,SEC_INH_EDITOR=true,SEC_INH_VIEWER=true,SEC_ALL_ADMIN=false,SEC_ALL_EDITOR=false,SEC_ALL_VIEWER=false
]
2017-09-05 00:52:13.333 DEBUG content 3060 _a-0000de6b-0250-8000-3120-01ef9001ef90_3061 Processing reference: ContentRole[name=readers,inherit=true,allowForAll=false]
2017-09-05 00:52:13.333 DEBUG content 3060 _a-0000de6b-0250-8000-3120-01ef9001ef90_3061 Processing reference: ContentRole[name=authors,inherit=true,allowForAll=false]
2017-09-05 00:52:13.333 DEBUG content 3060 _a-0000de6b-0250-8000-3120-01ef9001ef90_3061 Processing reference: ContentRole[name=administrators,inherit=true,allowForAll=false]
2017-09-05 00:52:13.333 DEBUG content 3060 _a-0000de6b-0250-8000-3120-01ef9001ef90_3061 Processing reference: ContentRole[name=denyReaders,inherit=false,allowForAll=false]
2017-09-05 00:52:13.333 DEBUG content 3060 _a-0000de6b-0250-8000-3120-01ef9001ef90_3061 Processing reference: ContentRole[name=denyAuthors,inherit=false,allowForAll=false]
2017-09-05 00:52:13.333 DEBUG content 3060 _a-0000de6b-0250-8000-3120-01ef9001ef90_3061 Processing reference: ContentRole[name=denyAdministrators,inherit=false,allowForAll=false]
2017-09-05 00:52:13.333 DEBUG content 3060 _a-0000de6b-0250-8000-3120-01ef9001ef90_3061 Completing produce.
2017-09-05 00:52:13.333 DEBUG content 3060 _a-0000de6b-0250-8000-3120-01ef9001ef90_3061 Exporting binary resources.
2017-09-05 00:52:13.337 DEBUG content 3060 _a-0000de6b-0250-8000-3120-01ef9001ef90_3061 Serializing object to XML.
2017-09-05 00:52:13.338 DEBUG content 3060 _a-0000de6b-0250-8000-3120-01ef9001ef90_3061 Object transported.
2017-09-05 00:52:13.338 DEBUG content 3064 _a-0000de9a-b6d7-8000-3120-01ef9001ef90_3065 Begin transport.
2017-09-05 00:52:13.338 DEBUG content 3064 _a-0000de9a-b6d7-8000-3120-01ef9001ef90_3065 Retrieving object data.
2017-09-05 00:52:13.371 DEBUG content 3064 _a-0000de9a-b6d7-8000-3120-01ef9001ef90_3065 Setting uuids of object references.
2017-09-05 00:52:13.371 DEBUG content 3064 _a-0000de9a-b6d7-8000-3120-01ef9001ef90_3065 Processing reference: RulesFolder.forum
2017-09-05 00:52:13.371 DEBUG content 3064 _a-0000de9a-b6d7-8000-3120-01ef9001ef90_3065 Processing reference: RulesFolder.parent
2017-09-05 00:52:13.374 DEBUG content 3064 _a-0000de9a-b6d7-8000-3120-01ef9001ef90_3065 Processing reference: com.appiancorp.suiteapi.content.ContentRoleMap@678461c7[
  ContentRole[name=readers,inherit=true,allowForAll=false]
  ContentRole[name=authors,inherit=true,allowForAll=false]
  ContentRole[name=administrators,inherit=true,allowForAll=false]
  ContentRole[name=denyReaders,inherit=false,allowForAll=false]
  ContentRole[name=denyAuthors,inherit=false,allowForAll=false]
  ContentRole[name=denyAdministrators,inherit=false,allowForAll=false]
  securityVector=15:SEC_PUBLIC=true,SEC_CREATOR_ADMIN=false,SEC_INH_ADMIN=true,SEC_INH_EDITOR=true,SEC_INH_VIEWER=true,SEC_ALL_ADMIN=false,SEC_ALL_EDITOR=false,SEC_ALL_VIEWER=false
]
2017-09-05 00:52:13.374 DEBUG content 3064 _a-0000de9a-b6d7-8000-3120-01ef9001ef90_3065 Processing reference: ContentRole[name=readers,inherit=true,allowForAll=false]
2017-09-05 00:52:13.374 DEBUG content 3064 _a-0000de9a-b6d7-8000-3120-01ef9001ef90_3065 Processing reference: ContentRole[name=authors,inherit=true,allowForAll=false]
2017-09-05 00:52:13.374 DEBUG content 3064 _a-0000de9a-b6d7-8000-3120-01ef9001ef90_3065 Processing reference: ContentRole[name=administrators,inherit=true,allowForAll=false]
2017-09-05 00:52:13.374 DEBUG content 3064 _a-0000de9a-b6d7-8000-3120-01ef9001ef90_3065 Processing reference: ContentRole[name=denyReaders,inherit=false,allowForAll=false]
2017-09-05 00:52:13.374 DEBUG content 3064 _a-0000de9a-b6d7-8000-3120-01ef9001ef90_3065 Processing reference: ContentRole[name=denyAuthors,inherit=false,allowForAll=false]
2017-09-05 00:52:13.374 DEBUG content 3064 _a-0000de9a-b6d7-8000-3120-01ef9001ef90_3065 Processing reference: ContentRole[name=denyAdministrators,inherit=false,allowForAll=false]
2017-09-05 00:52:13.375 DEBUG content 3064 _a-0000de9a-b6d7-8000-3120-01ef9001ef90_3065 Completing produce.
2017-09-05 00:52:13.375 DEBUG content 3064 _a-0000de9a-b6d7-8000-3120-01ef9001ef90_3065 Exporting binary resources.
2017-09-05 00:52:13.375 DEBUG content 3064 _a-0000de9a-b6d7-8000-3120-01ef9001ef90_3065 Serializing object to XML.
2017-09-05 00:52:13.377 DEBUG content 3064 _a-0000de9a-b6d7-8000-3120-01ef9001ef90_3065 Object transported.
2017-09-05 00:52:13.377 DEBUG content 3100 _a-0000de9e-e0b7-8000-3120-01ef9001ef90_3104 Begin transport.
2017-09-05 00:52:13.377 DEBUG content 3100 _a-0000de9e-e0b7-8000-3120-01ef9001ef90_3104 Retrieving object data.
2017-09-05 00:52:13.407 DEBUG content 3100 _a-0000de9e-e0b7-8000-3120-01ef9001ef90_3104 Setting uuids of object references.
2017-09-05 00:52:13.407 DEBUG content 3100 _a-0000de9e-e0b7-8000-3120-01ef9001ef90_3104 Processing reference: Document.forum
2017-09-05 00:52:13.407 DEBUG content 3100 _a-0000de9e-e0b7-8000-3120-01ef9001ef90_3104 Processing reference: Document.parent
2017-09-05 00:52:13.41 DEBUG content 3100 _a-0000de9e-e0b7-8000-3120-01ef9001ef90_3104 Processing reference: com.appiancorp.suiteapi.content.ContentRoleMap@5684e9db[
  ContentRole[name=readers,inherit=true,allowForAll=false]
  ContentRole[name=authors,inherit=true,allowForAll=false]
  ContentRole[name=administrators,inherit=true,allowForAll=false]
  ContentRole[name=denyReaders,inherit=false,allowForAll=false]
  ContentRole[name=denyAuthors,inherit=false,allowForAll=false]
  ContentRole[name=denyAdministrators,inherit=false,allowForAll=false]
  securityVector=15:SEC_PUBLIC=true,SEC_CREATOR_ADMIN=false,SEC_INH_ADMIN=true,SEC_INH_EDITOR=true,SEC_INH_VIEWER=true,SEC_ALL_ADMIN=false,SEC_ALL_EDITOR=false,SEC_ALL_VIEWER=false
]
2017-09-05 00:52:13.41 DEBUG content 3100 _a-0000de9e-e0b7-8000-3120-01ef9001ef90_3104 Processing reference: ContentRole[name=readers,inherit=true,allowForAll=false]
2017-09-05 00:52:13.41 DEBUG content 3100 _a-0000de9e-e0b7-8000-3120-01ef9001ef90_3104 Processing reference: ContentRole[name=authors,inherit=true,allowForAll=false]
2017-09-05 00:52:13.41 DEBUG content 3100 _a-0000de9e-e0b7-8000-3120-01ef9001ef90_3104 Processing reference: ContentRole[name=administrators,inherit=true,allowForAll=false]
2017-09-05 00:52:13.41 DEBUG content 3100 _a-0000de9e-e0b7-8000-3120-01ef9001ef90_3104 Processing reference: ContentRole[name=denyReaders,inherit=false,allowForAll=false]
2017-09-05 00:52:13.41 DEBUG content 3100 _a-0000de9e-e0b7-8000-3120-01ef9001ef90_3104 Processing reference: ContentRole[name=denyAuthors,inherit=false,allowForAll=false]
2017-09-05 00:52:13.41 DEBUG content 3100 _a-0000de9e-e0b7-8000-3120-01ef9001ef90_3104 Processing reference: ContentRole[name=denyAdministrators,inherit=false,allowForAll=false]
2017-09-05 00:52:13.41 DEBUG content 3100 _a-0000de9e-e0b7-8000-3120-01ef9001ef90_3104 Completing produce.
2017-09-05 00:52:13.41 DEBUG content 3100 _a-0000de9e-e0b7-8000-3120-01ef9001ef90_3104 Exporting binary resources.
2017-09-05 00:52:13.547 DEBUG content 3100 _a-0000de9e-e0b7-8000-3120-01ef9001ef90_3104 Serializing object to XML.
2017-09-05 00:52:13.547 DEBUG content 3100 _a-0000de9e-e0b7-8000-3120-01ef9001ef90_3104 Object transported.
2017-09-05 00:52:13.547 DEBUG content 3092 _a-0000de9e-e0b7-8000-3120-01ef9001ef90_3105 Begin transport.
2017-09-05 00:52:13.547 DEBUG content 3092 _a-0000de9e-e0b7-8000-3120-01ef9001ef90_3105 Retrieving object data.
2017-09-05 00:52:13.555 DEBUG content 3092 _a-0000de9e-e0b7-8000-3120-01ef9001ef90_3105 Setting uuids of object references.
2017-09-05 00:52:13.555 DEBUG content 3092 _a-0000de9e-e0b7-8000-3120-01ef9001ef90_3105 Processing reference: [Content:id=3089,versionId=-1,name=SND_ElmsResponse,description=,type=32,subtype=1,uuid=_a-0000de9e-e0b7-8000-3120-01ef9001ef90_3105,parent=3064,parentName=Sandbox,parentType=2,log=3092,logName=SND_ElmsResponse,state=255,visibility=35,security=15,creator=mchirlin,createdTimestamp=2017-04-03 23:19:54.0,updatedTimestamp=2017-04-03 23:19:54.0,size=0,lockedBy=,changesRequireApproval=false,attributes={dep_rules=[Ljava.lang.Long;@1777b8c, system=0, preferredEditor=legacy, hidden=0, ruletype=1, dep_functions=[Ljava.lang.String;@5f4a5da4, definition=readtextfromfile(#"_a-0000de9e-e0b7-8000-3120-01ef9001ef90_3106", true), dep_types=[Ljava.lang.String;@318e1e05, parameters=[Lcom.appiancorp.suiteapi.process.TypedVariable;@2b9757c8, dep_variables=[[Ljava.lang.String;@1186f22d},partition=1,partitionName=C:/appian/appian17.1/_admin/accdocs1]
2017-09-05 00:52:13.558 DEBUG content 3092 _a-0000de9e-e0b7-8000-3120-01ef9001ef90_3105 Processing reference: FreeformRule.forum
2017-09-05 00:52:13.559 DEBUG content 3092 _a-0000de9e-e0b7-8000-3120-01ef9001ef90_3105 Processing reference: FreeformRule.parent
2017-09-05 00:52:13.562 DEBUG content 3092 _a-0000de9e-e0b7-8000-3120-01ef9001ef90_3105 Processing reference: com.appiancorp.suiteapi.content.ContentRoleMap@758d6328[
  ContentRole[name=readers,inherit=true,allowForAll=false]
  ContentRole[name=authors,inherit=true,allowForAll=false]
  ContentRole[name=administrators,inherit=true,allowForAll=false]
  ContentRole[name=denyReaders,inherit=false,allowForAll=false]
  ContentRole[name=denyAuthors,inherit=false,allowForAll=false]
  ContentRole[name=denyAdministrators,inherit=false,allowForAll=false]
  securityVector=15:SEC_PUBLIC=true,SEC_CREATOR_ADMIN=false,SEC_INH_ADMIN=true,SEC_INH_EDITOR=true,SEC_INH_VIEWER=true,SEC_ALL_ADMIN=false,SEC_ALL_EDITOR=false,SEC_ALL_VIEWER=false
]
2017-09-05 00:52:13.562 DEBUG content 3092 _a-0000de9e-e0b7-8000-3120-01ef9001ef90_3105 Processing reference: ContentRole[name=readers,inherit=true,allowForAll=false]
2017-09-05 00:52:13.562 DEBUG content 3092 _a-0000de9e-e0b7-8000-3120-01ef9001ef90_3105 Processing reference: ContentRole[name=authors,inherit=true,allowForAll=false]
2017-09-05 00:52:13.562 DEBUG content 3092 _a-0000de9e-e0b7-8000-3120-01ef9001ef90_3105 Processing reference: ContentRole[name=administrators,inherit=true,allowForAll=false]
2017-09-05 00:52:13.562 DEBUG content 3092 _a-0000de9e-e0b7-8000-3120-01ef9001ef90_3105 Processing reference: ContentRole[name=denyReaders,inherit=false,allowForAll=false]
2017-09-05 00:52:13.562 DEBUG content 3092 _a-0000de9e-e0b7-8000-3120-01ef9001ef90_3105 Processing reference: ContentRole[name=denyAuthors,inherit=false,allowForAll=false]
2017-09-05 00:52:13.562 DEBUG content 3092 _a-0000de9e-e0b7-8000-3120-01ef9001ef90_3105 Processing reference: ContentRole[name=denyAdministrators,inherit=false,allowForAll=false]
2017-09-05 00:52:13.562 DEBUG content 3092 _a-0000de9e-e0b7-8000-3120-01ef9001ef90_3105 Completing produce.
2017-09-05 00:52:13.562 DEBUG content 3092 _a-0000de9e-e0b7-8000-3120-01ef9001ef90_3105 Exporting binary resources.
2017-09-05 00:52:13.562 DEBUG content 3092 _a-0000de9e-e0b7-8000-3120-01ef9001ef90_3105 Serializing object to XML.
2017-09-05 00:52:13.563 DEBUG content 3092 _a-0000de9e-e0b7-8000-3120-01ef9001ef90_3105 Object transported.
2017-09-05 00:52:13.563 DEBUG content 3113 _a-0000de9e-e0b7-8000-3120-01ef9001ef90_3106 Begin transport.
2017-09-05 00:52:13.563 DEBUG content 3113 _a-0000de9e-e0b7-8000-3120-01ef9001ef90_3106 Retrieving object data.
2017-09-05 00:52:13.569 DEBUG content 3113 _a-0000de9e-e0b7-8000-3120-01ef9001ef90_3106 Setting uuids of object references.
2017-09-05 00:52:13.569 DEBUG content 3113 _a-0000de9e-e0b7-8000-3120-01ef9001ef90_3106 Processing reference: [Content:id=3090,versionId=-1,name=ELMS_FILE,description=,type=32,subtype=0,uuid=_a-0000de9e-e0b7-8000-3120-01ef9001ef90_3106,parent=3064,parentName=Sandbox,parentType=2,log=3113,logName=ELMS_FILE,state=255,visibility=35,security=15,creator=mchirlin,createdTimestamp=2017-05-25 04:24:03.0,updatedTimestamp=2017-05-25 04:24:03.0,size=0,lockedBy=,changesRequireApproval=false,attributes={system=0, hidden=0, ruletype=0, multiple=0, isEnvironmentSpecific=false, value=3112, returnType=13},partition=3,partitionName=C:/appian/appian17.1/_admin/accdocs3]
2017-09-05 00:52:13.571 DEBUG content 3112 _a-0000dee0-d190-8000-3120-01ef9001ef90_3129 Begin transport.
2017-09-05 00:52:13.571 DEBUG content 3112 _a-0000dee0-d190-8000-3120-01ef9001ef90_3129 Retrieving object data.
2017-09-05 00:52:13.576 DEBUG content 3112 _a-0000dee0-d190-8000-3120-01ef9001ef90_3129 Setting uuids of object references.
2017-09-05 00:52:13.576 DEBUG content 3112 _a-0000dee0-d190-8000-3120-01ef9001ef90_3129 Processing reference: Document.forum
2017-09-05 00:52:13.576 DEBUG content 3112 _a-0000dee0-d190-8000-3120-01ef9001ef90_3129 Processing reference: Document.parent
2017-09-05 00:52:13.578 DEBUG content 3112 _a-0000dee0-d190-8000-3120-01ef9001ef90_3129 Processing reference: com.appiancorp.suiteapi.content.ContentRoleMap@7d3316e[
  ContentRole[name=readers,inherit=true,allowForAll=false]
  ContentRole[name=authors,inherit=true,allowForAll=false]
  ContentRole[name=administrators,inherit=true,allowForAll=false]
  ContentRole[name=denyReaders,inherit=false,allowForAll=false]
  ContentRole[name=denyAuthors,inherit=false,allowForAll=false]
  ContentRole[name=denyAdministrators,inherit=false,allowForAll=false]
  securityVector=15:SEC_PUBLIC=true,SEC_CREATOR_ADMIN=false,SEC_INH_ADMIN=true,SEC_INH_EDITOR=true,SEC_INH_VIEWER=true,SEC_ALL_ADMIN=false,SEC_ALL_EDITOR=false,SEC_ALL_VIEWER=false
]
2017-09-05 00:52:13.578 DEBUG content 3112 _a-0000dee0-d190-8000-3120-01ef9001ef90_3129 Processing reference: ContentRole[name=readers,inherit=true,allowForAll=false]
2017-09-05 00:52:13.578 DEBUG content 3112 _a-0000dee0-d190-8000-3120-01ef9001ef90_3129 Processing reference: ContentRole[name=authors,inherit=true,allowForAll=false]
2017-09-05 00:52:13.578 DEBUG content 3112 _a-0000dee0-d190-8000-3120-01ef9001ef90_3129 Processing reference: ContentRole[name=administrators,inherit=true,allowForAll=false]
2017-09-05 00:52:13.578 DEBUG content 3112 _a-0000dee0-d190-8000-3120-01ef9001ef90_3129 Processing reference: ContentRole[name=denyReaders,inherit=false,allowForAll=false]
2017-09-05 00:52:13.578 DEBUG content 3112 _a-0000dee0-d190-8000-3120-01ef9001ef90_3129 Processing reference: ContentRole[name=denyAuthors,inherit=false,allowForAll=false]
2017-09-05 00:52:13.578 DEBUG content 3112 _a-0000dee0-d190-8000-3120-01ef9001ef90_3129 Processing reference: ContentRole[name=denyAdministrators,inherit=false,allowForAll=false]
2017-09-05 00:52:13.578 DEBUG content 3112 _a-0000dee0-d190-8000-3120-01ef9001ef90_3129 Completing produce.
2017-09-05 00:52:13.578 DEBUG content 3112 _a-0000dee0-d190-8000-3120-01ef9001ef90_3129 Exporting binary resources.
2017-09-05 00:52:13.58 DEBUG content 3112 _a-0000dee0-d190-8000-3120-01ef9001ef90_3129 Serializing object to XML.
2017-09-05 00:52:13.581 DEBUG content 3112 _a-0000dee0-d190-8000-3120-01ef9001ef90_3129 Object transported.
2017-09-05 00:52:13.581 DEBUG content 3113 _a-0000de9e-e0b7-8000-3120-01ef9001ef90_3106 Processing reference: Constant.forum
2017-09-05 00:52:13.582 DEBUG content 3113 _a-0000de9e-e0b7-8000-3120-01ef9001ef90_3106 Processing reference: Constant.parent
2017-09-05 00:52:13.584 DEBUG content 3113 _a-0000de9e-e0b7-8000-3120-01ef9001ef90_3106 Processing reference: com.appiancorp.suiteapi.content.ContentRoleMap@556dce24[
  ContentRole[name=readers,inherit=true,allowForAll=false]
  ContentRole[name=authors,inherit=true,allowForAll=false]
  ContentRole[name=administrators,inherit=true,allowForAll=false]
  ContentRole[name=denyReaders,inherit=false,allowForAll=false]
  ContentRole[name=denyAuthors,inherit=false,allowForAll=false]
  ContentRole[name=denyAdministrators,inherit=false,allowForAll=false]
  securityVector=15:SEC_PUBLIC=true,SEC_CREATOR_ADMIN=false,SEC_INH_ADMIN=true,SEC_INH_EDITOR=true,SEC_INH_VIEWER=true,SEC_ALL_ADMIN=false,SEC_ALL_EDITOR=false,SEC_ALL_VIEWER=false
]
2017-09-05 00:52:13.584 DEBUG content 3113 _a-0000de9e-e0b7-8000-3120-01ef9001ef90_3106 Processing reference: ContentRole[name=readers,inherit=true,allowForAll=false]
2017-09-05 00:52:13.584 DEBUG content 3113 _a-0000de9e-e0b7-8000-3120-01ef9001ef90_3106 Processing reference: ContentRole[name=authors,inherit=true,allowForAll=false]
2017-09-05 00:52:13.584 DEBUG content 3113 _a-0000de9e-e0b7-8000-3120-01ef9001ef90_3106 Processing reference: ContentRole[name=administrators,inherit=true,allowForAll=false]
2017-09-05 00:52:13.584 DEBUG content 3113 _a-0000de9e-e0b7-8000-3120-01ef9001ef90_3106 Processing reference: ContentRole[name=denyReaders,inherit=false,allowForAll=false]
2017-09-05 00:52:13.584 DEBUG content 3113 _a-0000de9e-e0b7-8000-3120-01ef9001ef90_3106 Processing reference: ContentRole[name=denyAuthors,inherit=false,allowForAll=false]
2017-09-05 00:52:13.584 DEBUG content 3113 _a-0000de9e-e0b7-8000-3120-01ef9001ef90_3106 Processing reference: ContentRole[name=denyAdministrators,inherit=false,allowForAll=false]
2017-09-05 00:52:13.584 DEBUG content 3113 _a-0000de9e-e0b7-8000-3120-01ef9001ef90_3106 Completing produce.
2017-09-05 00:52:13.584 DEBUG content 3113 _a-0000de9e-e0b7-8000-3120-01ef9001ef90_3106 Exporting binary resources.
2017-09-05 00:52:13.584 DEBUG content 3113 _a-0000de9e-e0b7-8000-3120-01ef9001ef90_3106 Serializing object to XML.
2017-09-05 00:52:13.588 DEBUG content 3113 _a-0000de9e-e0b7-8000-3120-01ef9001ef90_3106 Object transported.
2017-09-05 00:52:13.588 DEBUG content 3116 _a-0000df6a-c01a-8000-3120-01ef9001ef90_3133 Begin transport.
2017-09-05 00:52:13.588 DEBUG content 3116 _a-0000df6a-c01a-8000-3120-01ef9001ef90_3133 Retrieving object data.
2017-09-05 00:52:13.593 DEBUG content 3116 _a-0000df6a-c01a-8000-3120-01ef9001ef90_3133 Setting uuids of object references.
2017-09-05 00:52:13.593 DEBUG content 3116 _a-0000df6a-c01a-8000-3120-01ef9001ef90_3133 Processing reference: [Content:id=3116,versionId=-1,name=ENVIRONMENTAL_CONSTANT,description=Environmental constant,type=32,subtype=0,uuid=_a-0000df6a-c01a-8000-3120-01ef9001ef90_3133,parent=3064,parentName=Sandbox,parentType=2,log=3116,logName=ENVIRONMENTAL_CONSTANT,state=255,visibility=35,security=15,creator=mchirlin,createdTimestamp=2017-09-05 00:52:04.0,updatedTimestamp=2017-09-05 00:52:04.0,size=0,lockedBy=,changesRequireApproval=false,attributes={system=0, hidden=0, ruletype=0, multiple=0, isEnvironmentSpecific=true, value=1, returnType=1},partition=3,partitionName=C:/appian/appian17.1/_admin/accdocs3]
2017-09-05 00:52:13.593 DEBUG content 3116 _a-0000df6a-c01a-8000-3120-01ef9001ef90_3133 Processing reference: Constant.forum
2017-09-05 00:52:13.594 DEBUG content 3116 _a-0000df6a-c01a-8000-3120-01ef9001ef90_3133 Processing reference: Constant.parent
2017-09-05 00:52:13.596 DEBUG content 3116 _a-0000df6a-c01a-8000-3120-01ef9001ef90_3133 Processing reference: com.appiancorp.suiteapi.content.ContentRoleMap@5b780860[
  ContentRole[name=readers,inherit=true,allowForAll=false]
  ContentRole[name=authors,inherit=true,allowForAll=false]
  ContentRole[name=administrators,inherit=true,allowForAll=false]
  ContentRole[name=denyReaders,inherit=false,allowForAll=false]
  ContentRole[name=denyAuthors,inherit=false,allowForAll=false]
  ContentRole[name=denyAdministrators,inherit=false,allowForAll=false]
  securityVector=15:SEC_PUBLIC=true,SEC_CREATOR_ADMIN=false,SEC_INH_ADMIN=true,SEC_INH_EDITOR=true,SEC_INH_VIEWER=true,SEC_ALL_ADMIN=false,SEC_ALL_EDITOR=false,SEC_ALL_VIEWER=false
]
2017-09-05 00:52:13.596 DEBUG content 3116 _a-0000df6a-c01a-8000-3120-01ef9001ef90_3133 Processing reference: ContentRole[name=readers,inherit=true,allowForAll=false]
2017-09-05 00:52:13.596 DEBUG content 3116 _a-0000df6a-c01a-8000-3120-01ef9001ef90_3133 Processing reference: ContentRole[name=authors,inherit=true,allowForAll=false]
2017-09-05 00:52:13.596 DEBUG content 3116 _a-0000df6a-c01a-8000-3120-01ef9001ef90_3133 Processing reference: ContentRole[name=administrators,inherit=true,allowForAll=false]
2017-09-05 00:52:13.596 DEBUG content 3116 _a-0000df6a-c01a-8000-3120-01ef9001ef90_3133 Processing reference: ContentRole[name=denyReaders,inherit=false,allowForAll=false]
2017-09-05 00:52:13.596 DEBUG content 3116 _a-0000df6a-c01a-8000-3120-01ef9001ef90_3133 Processing reference: ContentRole[name=denyAuthors,inherit=false,allowForAll=false]
2017-09-05 00:52:13.596 DEBUG content 3116 _a-0000df6a-c01a-8000-3120-01ef9001ef90_3133 Processing reference: ContentRole[name=denyAdministrators,inherit=false,allowForAll=false]
2017-09-05 00:52:13.602 DEBUG content 3116 _a-0000df6a-c01a-8000-3120-01ef9001ef90_3133 Registering export properties.
2017-09-05 00:52:13.603 DEBUG content 3116 _a-0000df6a-c01a-8000-3120-01ef9001ef90_3133 Completing produce.
2017-09-05 00:52:13.603 DEBUG content 3116 _a-0000df6a-c01a-8000-3120-01ef9001ef90_3133 Exporting binary resources.
2017-09-05 00:52:13.603 DEBUG content 3116 _a-0000df6a-c01a-8000-3120-01ef9001ef90_3133 Serializing object to XML.
2017-09-05 00:52:13.605 DEBUG content 3116 _a-0000df6a-c01a-8000-3120-01ef9001ef90_3133 Object transported.
2017-09-05 00:52:13.606 DEBUG processModelFolder 1 _g-0000de6b-0250-8000-30e8-014d98014d98_1 Begin transport.
2017-09-05 00:52:13.606 DEBUG processModelFolder 1 _g-0000de6b-0250-8000-30e8-014d98014d98_1 Retrieving object data.
2017-09-05 00:52:13.608 DEBUG processModelFolder 1 _g-0000de6b-0250-8000-30e8-014d98014d98_1 Setting uuids of object references.
2017-09-05 00:52:13.609 DEBUG processModelFolder 1 _g-0000de6b-0250-8000-30e8-014d98014d98_1 Processing reference: ProcessModelFolder.parentFolderId
2017-09-05 00:52:13.61 DEBUG processModelFolder 1 _g-0000de6b-0250-8000-30e8-014d98014d98_1 Processing reference: com.appiancorp.suiteapi.process.ProcessRoleMap@460cc675[
  Role[name=ADMIN_OWNER]
  Role[name=EDITOR]
  Role[name=EXPLICIT_NONMEMBER]
  Role[name=VIEWER]
  Role[name=MANAGER]
  Role[name=INITIATOR]
]
2017-09-05 00:52:13.61 DEBUG processModelFolder 1 _g-0000de6b-0250-8000-30e8-014d98014d98_1 Processing reference: Role[name=ADMIN_OWNER]
2017-09-05 00:52:13.61 DEBUG processModelFolder 1 _g-0000de6b-0250-8000-30e8-014d98014d98_1 Processing reference: Role[name=EDITOR]
2017-09-05 00:52:13.61 DEBUG processModelFolder 1 _g-0000de6b-0250-8000-30e8-014d98014d98_1 Processing reference: Role[name=EXPLICIT_NONMEMBER]
2017-09-05 00:52:13.61 DEBUG processModelFolder 1 _g-0000de6b-0250-8000-30e8-014d98014d98_1 Processing reference: Role[name=VIEWER]
2017-09-05 00:52:13.61 DEBUG processModelFolder 1 _g-0000de6b-0250-8000-30e8-014d98014d98_1 Processing reference: Role[name=MANAGER]
2017-09-05 00:52:13.61 DEBUG processModelFolder 1 _g-0000de6b-0250-8000-30e8-014d98014d98_1 Processing reference: Role[name=INITIATOR]
2017-09-05 00:52:13.61 DEBUG processModelFolder 1 _g-0000de6b-0250-8000-30e8-014d98014d98_1 Completing produce.
2017-09-05 00:52:13.61 DEBUG processModelFolder 1 _g-0000de6b-0250-8000-30e8-014d98014d98_1 Exporting binary resources.
2017-09-05 00:52:13.61 DEBUG processModelFolder 1 _g-0000de6b-0250-8000-30e8-014d98014d98_1 Serializing object to XML.
2017-09-05 00:52:13.611 DEBUG processModelFolder 1 _g-0000de6b-0250-8000-30e8-014d98014d98_1 Object transported.
2017-09-05 00:52:13.612 DEBUG processModel 0 0002de6b-0311-8000-30e8-014d98014d98 Begin transport.
2017-09-05 00:52:13.612 DEBUG processModel 0 0002de6b-0311-8000-30e8-014d98014d98 Retrieving object data.
2017-09-05 00:52:13.633 DEBUG processModel 0 0002de6b-0311-8000-30e8-014d98014d98 Setting uuids of object references.
2017-09-05 00:52:13.633 DEBUG processModel 0 0002de6b-0311-8000-30e8-014d98014d98 Processing reference: ProcessModelHaul.folderId
2017-09-05 00:52:13.634 DEBUG processModel 0 0002de6b-0311-8000-30e8-014d98014d98 Processing reference: ProcessModelHaul.modelDashboardPageId
2017-09-05 00:52:13.635 DEBUG processModel 0 0002de6b-0311-8000-30e8-014d98014d98 Processing reference: ProcessModelHaul.processDashboardPageId
2017-09-05 00:52:13.635 DEBUG processModel 0 0002de6b-0311-8000-30e8-014d98014d98 Processing reference: ProcessModel.emailAttachmentFolderId
2017-09-05 00:52:13.637 DEBUG processModel 0 0002de6b-0311-8000-30e8-014d98014d98 Processing reference: ActivityClassParameter[name=pmID,it=23,v=<null>]
2017-09-05 00:52:13.637 DEBUG processModel 0 0002de6b-0311-8000-30e8-014d98014d98 Processing reference: ActivityClassParameter[name=inMap,it=111,v={}]
2017-09-05 00:52:13.637 DEBUG processModel 0 0002de6b-0311-8000-30e8-014d98014d98 Processing reference: ActivityClassParameter[name=procInheritsPriority,it=1,v=1]
2017-09-05 00:52:13.637 DEBUG processModel 0 0002de6b-0311-8000-30e8-014d98014d98 Processing reference: ActivityClassParameter[name=pmUUID,it=3,v=]
2017-09-05 00:52:13.637 DEBUG processModel 0 0002de6b-0311-8000-30e8-014d98014d98 Processing reference: ActivityClassParameter[name=isAsynchronous,it=26,v=1]
2017-09-05 00:52:13.637 DEBUG processModel 0 0002de6b-0311-8000-30e8-014d98014d98 Processing reference: ActivityClassParameter[name=isTransparent,it=26,v=1]
2017-09-05 00:52:13.637 DEBUG processModel 0 0002de6b-0311-8000-30e8-014d98014d98 Processing reference: ActivityClassParameter[name=inheritSecurity,it=26,v=0]
2017-09-05 00:52:13.638 DEBUG processModel 0 0002de6b-0311-8000-30e8-014d98014d98 Processing reference: com.appiancorp.suiteapi.process.ProcessRoleMap@af127ce[
  Role[name=ADMIN_OWNER]
  Role[name=EDITOR]
  Role[name=EXPLICIT_NONMEMBER]
  Role[name=VIEWER]
  Role[name=MANAGER]
  Role[name=INITIATOR]
]
2017-09-05 00:52:13.638 DEBUG processModel 0 0002de6b-0311-8000-30e8-014d98014d98 Processing reference: Role[name=ADMIN_OWNER]
2017-09-05 00:52:13.638 DEBUG processModel 0 0002de6b-0311-8000-30e8-014d98014d98 Processing reference: Role[name=EDITOR]
2017-09-05 00:52:13.638 DEBUG processModel 0 0002de6b-0311-8000-30e8-014d98014d98 Processing reference: Role[name=EXPLICIT_NONMEMBER]
2017-09-05 00:52:13.638 DEBUG processModel 0 0002de6b-0311-8000-30e8-014d98014d98 Processing reference: Role[name=VIEWER]
2017-09-05 00:52:13.638 DEBUG processModel 0 0002de6b-0311-8000-30e8-014d98014d98 Processing reference: Role[name=MANAGER]
2017-09-05 00:52:13.638 DEBUG processModel 0 0002de6b-0311-8000-30e8-014d98014d98 Processing reference: Role[name=INITIATOR]
2017-09-05 00:52:13.638 DEBUG processModel 0 0002de6b-0311-8000-30e8-014d98014d98 Completing produce.
2017-09-05 00:52:13.638 DEBUG processModel 0 0002de6b-0311-8000-30e8-014d98014d98 Exporting binary resources.
2017-09-05 00:52:13.638 DEBUG processModel 0 0002de6b-0311-8000-30e8-014d98014d98 Serializing object to XML.
2017-09-05 00:52:13.644 DEBUG processModel 0 0002de6b-0311-8000-30e8-014d98014d98 Object transported.
2017-09-05 00:52:13.644 DEBUG processModel 2 0002de9a-a485-8000-30e8-014d98014d98 Begin transport.
2017-09-05 00:52:13.644 DEBUG processModel 2 0002de9a-a485-8000-30e8-014d98014d98 Retrieving object data.
2017-09-05 00:52:13.669 DEBUG processModel 2 0002de9a-a485-8000-30e8-014d98014d98 Setting uuids of object references.
2017-09-05 00:52:13.669 DEBUG processModel 2 0002de9a-a485-8000-30e8-014d98014d98 Processing reference: ProcessModelHaul.folderId
2017-09-05 00:52:13.67 DEBUG processModel 2 0002de9a-a485-8000-30e8-014d98014d98 Processing reference: ProcessModelHaul.modelDashboardPageId
2017-09-05 00:52:13.67 DEBUG processModel 2 0002de9a-a485-8000-30e8-014d98014d98 Processing reference: ProcessModelHaul.processDashboardPageId
2017-09-05 00:52:13.67 DEBUG processModel 2 0002de9a-a485-8000-30e8-014d98014d98 Processing reference: ProcessModel.emailAttachmentFolderId
2017-09-05 00:52:13.671 DEBUG processModel 2 0002de9a-a485-8000-30e8-014d98014d98 Processing reference: ActivityClassParameter[name=pmID,it=23,v=<null>]
2017-09-05 00:52:13.671 DEBUG processModel 2 0002de9a-a485-8000-30e8-014d98014d98 Processing reference: ActivityClassParameter[name=inMap,it=111,v={}]
2017-09-05 00:52:13.671 DEBUG processModel 2 0002de9a-a485-8000-30e8-014d98014d98 Processing reference: ActivityClassParameter[name=procInheritsPriority,it=1,v=1]
2017-09-05 00:52:13.671 DEBUG processModel 2 0002de9a-a485-8000-30e8-014d98014d98 Processing reference: ActivityClassParameter[name=pmUUID,it=3,v=]
2017-09-05 00:52:13.671 DEBUG processModel 2 0002de9a-a485-8000-30e8-014d98014d98 Processing reference: ActivityClassParameter[name=isAsynchronous,it=26,v=1]
2017-09-05 00:52:13.671 DEBUG processModel 2 0002de9a-a485-8000-30e8-014d98014d98 Processing reference: ActivityClassParameter[name=isTransparent,it=26,v=1]
2017-09-05 00:52:13.671 DEBUG processModel 2 0002de9a-a485-8000-30e8-014d98014d98 Processing reference: ActivityClassParameter[name=inheritSecurity,it=26,v=0]
2017-09-05 00:52:13.671 DEBUG processModel 2 0002de9a-a485-8000-30e8-014d98014d98 Processing reference: InternalForm.docId
2017-09-05 00:52:13.672 DEBUG processModel 2 0002de9a-a485-8000-30e8-014d98014d98 Processing reference: ActivityClassParameter[name=endpoint,it=3,v=https://nbncotest.appiancloud.com/suite/webapi/getTelstraLocationCandidates]
2017-09-05 00:52:13.672 DEBUG processModel 2 0002de9a-a485-8000-30e8-014d98014d98 Processing reference: ActivityClassParameter[name=scsKey,it=3,v=appian]
2017-09-05 00:52:13.672 DEBUG processModel 2 0002de9a-a485-8000-30e8-014d98014d98 Processing reference: ActivityClassParameter[name=regionId,it=1,v=1701]
2017-09-05 00:52:13.672 DEBUG processModel 2 0002de9a-a485-8000-30e8-014d98014d98 Processing reference: ActivityClassParameter[name=regionRef,it=3,v=2TEE-05]
2017-09-05 00:52:13.672 DEBUG processModel 2 0002de9a-a485-8000-30e8-014d98014d98 Processing reference: ActivityClassParameter[name=regionType,it=3,v=RR]
2017-09-05 00:52:13.672 DEBUG processModel 2 0002de9a-a485-8000-30e8-014d98014d98 Processing reference: ActivityClassParameter[name=boundaryType,it=3,v=]
2017-09-05 00:52:13.672 DEBUG processModel 2 0002de9a-a485-8000-30e8-014d98014d98 Processing reference: ActivityClassParameter[name=interactionType,it=3,v=TLS_1.1]
2017-09-05 00:52:13.672 DEBUG processModel 2 0002de9a-a485-8000-30e8-014d98014d98 Processing reference: ActivityClassParameter[name=correlationId,it=3,v=pp!id]
2017-09-05 00:52:13.672 DEBUG processModel 2 0002de9a-a485-8000-30e8-014d98014d98 Processing reference: ActivityClassParameter[name=interactionId,it=1,v=300000305]
2017-09-05 00:52:13.672 DEBUG processModel 2 0002de9a-a485-8000-30e8-014d98014d98 Processing reference: ActivityClassParameter[name=filter,it=3,v=]
2017-09-05 00:52:13.672 DEBUG processModel 2 0002de9a-a485-8000-30e8-014d98014d98 Processing reference: ActivityClassParameter[name=errorMessage,it=3,v=]
2017-09-05 00:52:13.672 DEBUG processModel 2 0002de9a-a485-8000-30e8-014d98014d98 Processing reference: ActivityClassParameter[name=errorOccurred,it=26,v=<null>]
2017-09-05 00:52:13.672 DEBUG processModel 2 0002de9a-a485-8000-30e8-014d98014d98 Processing reference: ActivityClassParameter[name=interactionSubTypeId,it=1,v=<null>]
2017-09-05 00:52:13.672 DEBUG processModel 2 0002de9a-a485-8000-30e8-014d98014d98 Processing reference: ActivityClassParameter[name=interactionTypeId,it=1,v=1]
2017-09-05 00:52:13.673 DEBUG processModel 2 0002de9a-a485-8000-30e8-014d98014d98 Processing reference: ProcessVariable[name=errorMessage,it=3,v=]
2017-09-05 00:52:13.673 DEBUG processModel 2 0002de9a-a485-8000-30e8-014d98014d98 Processing reference: ProcessVariable[name=errorOccurred,it=26,v=<null>]
2017-09-05 00:52:13.673 DEBUG processModel 2 0002de9a-a485-8000-30e8-014d98014d98 Processing reference: com.appiancorp.suiteapi.process.ProcessRoleMap@665bace2[
  Role[name=ADMIN_OWNER]
  Role[name=EDITOR]
  Role[name=EXPLICIT_NONMEMBER]
  Role[name=VIEWER]
  Role[name=MANAGER]
  Role[name=INITIATOR]
]
2017-09-05 00:52:13.673 DEBUG processModel 2 0002de9a-a485-8000-30e8-014d98014d98 Processing reference: Role[name=ADMIN_OWNER]
2017-09-05 00:52:13.673 DEBUG processModel 2 0002de9a-a485-8000-30e8-014d98014d98 Processing reference: Role[name=EDITOR]
2017-09-05 00:52:13.673 DEBUG processModel 2 0002de9a-a485-8000-30e8-014d98014d98 Processing reference: Role[name=EXPLICIT_NONMEMBER]
2017-09-05 00:52:13.673 DEBUG processModel 2 0002de9a-a485-8000-30e8-014d98014d98 Processing reference: Role[name=VIEWER]
2017-09-05 00:52:13.673 DEBUG processModel 2 0002de9a-a485-8000-30e8-014d98014d98 Processing reference: Role[name=MANAGER]
2017-09-05 00:52:13.673 DEBUG processModel 2 0002de9a-a485-8000-30e8-014d98014d98 Processing reference: Role[name=INITIATOR]
2017-09-05 00:52:13.673 DEBUG processModel 2 0002de9a-a485-8000-30e8-014d98014d98 Completing produce.
2017-09-05 00:52:13.673 DEBUG processModel 2 0002de9a-a485-8000-30e8-014d98014d98 Exporting binary resources.
2017-09-05 00:52:13.673 DEBUG processModel 2 0002de9a-a485-8000-30e8-014d98014d98 Serializing object to XML.
2017-09-05 00:52:13.682 DEBUG processModel 2 0002de9a-a485-8000-30e8-014d98014d98 Object transported.
2017-09-05 00:52:13.684 DEBUG webApi 4 45de6d55-dbd5-42c9-a235-dcadb96cabfd Begin transport.
2017-09-05 00:52:13.684 DEBUG webApi 4 45de6d55-dbd5-42c9-a235-dcadb96cabfd Retrieving object data.
2017-09-05 00:52:13.706 DEBUG webApi 4 45de6d55-dbd5-42c9-a235-dcadb96cabfd Setting uuids of object references.
2017-09-05 00:52:13.706 DEBUG webApi 4 45de6d55-dbd5-42c9-a235-dcadb96cabfd Processing reference: WebApi.expression
2017-09-05 00:52:13.709 DEBUG webApi 4 45de6d55-dbd5-42c9-a235-dcadb96cabfd Completing produce.
2017-09-05 00:52:13.709 DEBUG webApi 4 45de6d55-dbd5-42c9-a235-dcadb96cabfd Exporting binary resources.
2017-09-05 00:52:13.709 DEBUG webApi 4 45de6d55-dbd5-42c9-a235-dcadb96cabfd Serializing object to XML.
2017-09-05 00:52:13.711 DEBUG webApi 4 45de6d55-dbd5-42c9-a235-dcadb96cabfd Object transported.
2017-09-05 00:52:13.711 DEBUG application 3056 _a-0000de6b-0250-8000-3120-01ef9001ef90_3056 Completing produce.
2017-09-05 00:52:13.711 DEBUG application 3056 _a-0000de6b-0250-8000-3120-01ef9001ef90_3056 Exporting binary resources.
2017-09-05 00:52:13.711 DEBUG application 3056 _a-0000de6b-0250-8000-3120-01ef9001ef90_3056 Serializing object to XML.
2017-09-05 00:52:13.714 DEBUG application 3056 _a-0000de6b-0250-8000-3120-01ef9001ef90_3056 Object transported.
